<?xml version="1.0" encoding="UTF-8"?>
<testng-results ignored="0" total="2" passed="2" failed="0" skipped="0">
  <reporter-output>
  </reporter-output>
  <suite started-at="2026-04-15T03:56:04 BST" name="Default suite" finished-at="2026-04-15T03:57:09 BST" duration-ms="64748">
    <groups>
    </groups>
    <test started-at="2026-04-15T03:56:04 BST" name="Default test" finished-at="2026-04-15T03:57:09 BST" duration-ms="64748">
      <class name="tests.ShoppingTest">
        <test-method is-config="true" signature="setup()[pri:0, instance:tests.ShoppingTest@44ebcd03]" started-at="2026-04-15T03:56:04 BST" name="setup" finished-at="2026-04-15T03:56:06 BST" duration-ms="2050" status="PASS">
          <reporter-output>
          </reporter-output>
        </test-method> <!-- setup -->
        <test-method signature="RemoveFromCart()[pri:0, instance:tests.ShoppingTest@44ebcd03]" started-at="2026-04-15T03:56:06 BST" name="RemoveFromCart" finished-at="2026-04-15T03:56:45 BST" duration-ms="39146" status="PASS">
          <reporter-output>
          </reporter-output>
        </test-method> <!-- RemoveFromCart -->
        <test-method is-config="true" signature="tearDown()[pri:0, instance:tests.ShoppingTest@44ebcd03]" started-at="2026-04-15T03:56:46 BST" name="tearDown" finished-at="2026-04-15T03:56:46 BST" duration-ms="224" status="PASS">
          <reporter-output>
          </reporter-output>
        </test-method> <!-- tearDown -->
        <test-method is-config="true" signature="setup()[pri:0, instance:tests.ShoppingTest@44ebcd03]" started-at="2026-04-15T03:56:46 BST" name="setup" finished-at="2026-04-15T03:56:47 BST" duration-ms="1367" status="PASS">
          <reporter-output>
          </reporter-output>
        </test-method> <!-- setup -->
        <test-method signature="purchaseFlow()[pri:0, instance:tests.ShoppingTest@44ebcd03]" started-at="2026-04-15T03:56:47 BST" name="purchaseFlow" finished-at="2026-04-15T03:57:09 BST" duration-ms="21680" status="PASS">
          <reporter-output>
          </reporter-output>
        </test-method> <!-- purchaseFlow -->
        <test-method is-config="true" signature="tearDown()[pri:0, instance:tests.ShoppingTest@44ebcd03]" started-at="2026-04-15T03:57:09 BST" name="tearDown" finished-at="2026-04-15T03:57:09 BST" duration-ms="226" status="PASS">
          <reporter-output>
          </reporter-output>
        </test-method> <!-- tearDown -->
      </class> <!-- tests.ShoppingTest -->
    </test> <!-- Default test -->
  </suite> <!-- Default suite -->
</testng-results>
