<?xml version="1.0" encoding="UTF-8"?>
<testng-results ignored="0" total="1" passed="1" failed="0" skipped="0">
  <reporter-output>
  </reporter-output>
  <suite started-at="2026-04-14T22:33:22 BST" name="Default suite" finished-at="2026-04-14T22:33:45 BST" duration-ms="23134">
    <groups>
    </groups>
    <test started-at="2026-04-14T22:33:22 BST" name="Default test" finished-at="2026-04-14T22:33:45 BST" duration-ms="23134">
      <class name="tests.InventoryTest">
        <test-method is-config="true" signature="setup()[pri:0, instance:tests.InventoryTest@4567f35d]" started-at="2026-04-14T22:33:22 BST" name="setup" finished-at="2026-04-14T22:33:24 BST" duration-ms="2176" status="PASS">
          <reporter-output>
          </reporter-output>
        </test-method> <!-- setup -->
        <test-method signature="sortPriceLowToHighTest()[pri:0, instance:tests.InventoryTest@4567f35d]" started-at="2026-04-14T22:33:24 BST" name="sortPriceLowToHighTest" finished-at="2026-04-14T22:33:45 BST" duration-ms="20697" status="PASS">
          <reporter-output>
          </reporter-output>
        </test-method> <!-- sortPriceLowToHighTest -->
        <test-method is-config="true" signature="tearDown()[pri:0, instance:tests.InventoryTest@4567f35d]" started-at="2026-04-14T22:33:45 BST" name="tearDown" finished-at="2026-04-14T22:33:45 BST" duration-ms="212" status="PASS">
          <reporter-output>
          </reporter-output>
        </test-method> <!-- tearDown -->
      </class> <!-- tests.InventoryTest -->
    </test> <!-- Default test -->
  </suite> <!-- Default suite -->
</testng-results>
